Determining if the include file sst/core/interprocess/sstmutex.h exists failed with the following output:
Change Dir: /Users/gvanmou/Desktop/workflowProject/CMakeFiles/CMakeTmp

Run Build Command:"/usr/bin/make" "cmTC_0c533/fast"
/Library/Developer/CommandLineTools/usr/bin/make -f CMakeFiles/cmTC_0c533.dir/build.make CMakeFiles/cmTC_0c533.dir/build
Building CXX object CMakeFiles/cmTC_0c533.dir/CheckIncludeFile.cxx.o
/Library/Developer/CommandLineTools/usr/bin/c++    -I/Users/gvanmou/Programs/install/sst-core/clang/include    -o CMakeFiles/cmTC_0c533.dir/CheckIncludeFile.cxx.o -c /Users/gvanmou/Desktop/workflowProject/CMakeFiles/CMakeTmp/CheckIncludeFile.cxx
/Users/gvanmou/Desktop/workflowProject/CMakeFiles/CMakeTmp/CheckIncludeFile.cxx:1:10: fatal error: 'sst/core/interprocess/sstmutex.h' file not found
#include <sst/core/interprocess/sstmutex.h>
         ^~~~~~~~~~~~~~~~~~~~~~~~~~~~~~~~~~
1 error generated.
make[1]: *** [CMakeFiles/cmTC_0c533.dir/CheckIncludeFile.cxx.o] Error 1
make: *** [cmTC_0c533/fast] Error 2


Determining if the include file pin.H exists failed with the following output:
Change Dir: /Users/gvanmou/Desktop/workflowProject/CMakeFiles/CMakeTmp

Run Build Command:"/usr/bin/make" "cmTC_5bd4b/fast"
/Library/Developer/CommandLineTools/usr/bin/make -f CMakeFiles/cmTC_5bd4b.dir/build.make CMakeFiles/cmTC_5bd4b.dir/build
Building CXX object CMakeFiles/cmTC_5bd4b.dir/CheckIncludeFile.cxx.o
/Library/Developer/CommandLineTools/usr/bin/c++    -I/Users/gvanmou/Programs/pin-3.2-81205-clang-mac/source/include/pin -I/Users/gvanmou/Programs/pin-3.2-81205-clang-mac/source/include/pin/gen -I/Users/gvanmou/Programs/pin-3.2-81205-clang-mac/extras/components/include -I/Users/gvanmou/Programs/pin-3.2-81205-clang-mac/extras/xed-intel64/include/xed -I/Users/gvanmou/Programs/pin-3.2-81205-clang-mac/source/tools/InstLib -I/Users/gvanmou/Programs/pin-3.2-81205-clang-mac/extras/crt/include -isystem /Users/gvanmou/Programs/pin-3.2-81205-clang-mac/extras/stlport/include -isystem /Users/gvanmou/Programs/pin-3.2-81205-clang-mac/extras/libstdc++/include -isystem /Users/gvanmou/Programs/pin-3.2-81205-clang-mac/extras/crt/include -isystem /Users/gvanmou/Programs/pin-3.2-81205-clang-mac/extras/crt/include/arch-x86_64 -isystem /Users/gvanmou/Programs/pin-3.2-81205-clang-mac/extras/crt/include/kernel/uapi -isystem /Users/gvanmou/Programs/pin-3.2-81205-clang-mac/extras/crt/include/kernel/uapi/asm-x86 -DTARGET_MAC -D__PIN__=1 -DPIN_CRT=1 -DTARGET_IA32E -DHOST_IA32E -DBIGARRAY_MULTIPLIER=1 -D__DARWIN_ONLY_UNIX_CONFORMANCE=1 -D__DARWIN_UNIX03=0 -fPIC -fno-stack-protector -fno-exceptions -funwind-tables -fno-rtti -fomit-frame-pointer -fno-strict-aliasing   -o CMakeFiles/cmTC_5bd4b.dir/CheckIncludeFile.cxx.o -c /Users/gvanmou/Desktop/workflowProject/CMakeFiles/CMakeTmp/CheckIncludeFile.cxx
In file included from /Users/gvanmou/Desktop/workflowProject/CMakeFiles/CMakeTmp/CheckIncludeFile.cxx:1:
In file included from /Users/gvanmou/Programs/pin-3.2-81205-clang-mac/source/include/pin/pin.H:43:
In file included from /Users/gvanmou/Programs/pin-3.2-81205-clang-mac/source/include/pin/level_base.PLH:91:
In file included from /Users/gvanmou/Programs/pin-3.2-81205-clang-mac/extras/stlport/include/string:29:
In file included from /Users/gvanmou/Programs/pin-3.2-81205-clang-mac/extras/stlport/include/stl/_string.h:27:
In file included from /Users/gvanmou/Programs/pin-3.2-81205-clang-mac/extras/stlport/include/stl/_string_fwd.h:23:
In file included from /Users/gvanmou/Programs/pin-3.2-81205-clang-mac/extras/stlport/include/stl/_iosfwd.h:22:
In file included from /Users/gvanmou/Programs/pin-3.2-81205-clang-mac/extras/stlport/include/stl/char_traits.h:48:
In file included from /Users/gvanmou/Programs/pin-3.2-81205-clang-mac/extras/stlport/include/stl/_cwchar.h:66:
/Users/gvanmou/Programs/pin-3.2-81205-clang-mac/extras/crt/include/wchar.h:43:28: error: typedef redefinition with different types ('unsigned short' vs 'char16_t')
typedef unsigned short int char16_t;
                           ^
/Library/Developer/CommandLineTools/usr/include/c++/v1/__config:272:20: note: previous definition is here
typedef __char16_t char16_t;
                   ^
In file included from /Users/gvanmou/Desktop/workflowProject/CMakeFiles/CMakeTmp/CheckIncludeFile.cxx:1:
In file included from /Users/gvanmou/Programs/pin-3.2-81205-clang-mac/source/include/pin/pin.H:43:
In file included from /Users/gvanmou/Programs/pin-3.2-81205-clang-mac/source/include/pin/level_base.PLH:91:
In file included from /Users/gvanmou/Programs/pin-3.2-81205-clang-mac/extras/stlport/include/string:29:
In file included from /Users/gvanmou/Programs/pin-3.2-81205-clang-mac/extras/stlport/include/stl/_string.h:27:
In file included from /Users/gvanmou/Programs/pin-3.2-81205-clang-mac/extras/stlport/include/stl/_string_fwd.h:23:
In file included from /Users/gvanmou/Programs/pin-3.2-81205-clang-mac/extras/stlport/include/stl/_iosfwd.h:22:
In file included from /Users/gvanmou/Programs/pin-3.2-81205-clang-mac/extras/stlport/include/stl/char_traits.h:48:
In file included from /Users/gvanmou/Programs/pin-3.2-81205-clang-mac/extras/stlport/include/stl/_cwchar.h:66:
/Users/gvanmou/Programs/pin-3.2-81205-clang-mac/extras/crt/include/wchar.h:44:18: error: typedef redefinition with different types ('long' vs 'char32_t')
typedef long int char32_t;
                 ^
/Library/Developer/CommandLineTools/usr/include/c++/v1/__config:273:20: note: previous definition is here
typedef __char32_t char32_t;
                   ^
2 errors generated.
make[1]: *** [CMakeFiles/cmTC_5bd4b.dir/CheckIncludeFile.cxx.o] Error 1
make: *** [cmTC_5bd4b/fast] Error 2


